<?xml version="1.0" encoding="UTF-8"?>
<!-- Generated by org.testng.reporters.JUnitReportReporter -->
<testsuite hostname="DESKTOP-JAE4NUO" failures="0" tests="1" name="com.teksystem.validateStatusCode" time="1.060" errors="0" timestamp="2021-09-28T22:28:21 EDT" skipped="0">
  <testcase classname="com.teksystem.validateStatusCode" name="responseCode" time="1.060"/>
  <system-out/>
</testsuite> <!-- com.teksystem.validateStatusCode -->
