<?xml version="1.0" encoding="UTF-8"?>
<!-- Generated by org.testng.reporters.JUnitReportReporter -->
<testsuite hostname="DESKTOP-JAE4NUO" failures="0" tests="1" name="com.teksystem.TestRestCountries" time="1.890" errors="0" timestamp="2021-09-28T22:16:58 EDT" skipped="0">
  <testcase classname="com.teksystem.TestRestCountries" name="testCase_01" time="1.890"/>
  <system-out/>
</testsuite> <!-- com.teksystem.TestRestCountries -->
