<?xml version="1.0" encoding="UTF-8"?>
<!-- Generated by org.testng.reporters.JUnitReportReporter -->
<testsuite hostname="DESKTOP-JAE4NUO" failures="0" tests="1" name="TestRestCountries" time="1.804" errors="0" timestamp="2021-09-28T20:40:03 EDT" skipped="0">
  <testcase classname="TestRestCountries" name="testCase_01" time="1.804"/>
  <system-out/>
</testsuite> <!-- TestRestCountries -->
