<?xml version="1.0" encoding="UTF-8"?>
<!-- Generated by org.testng.reporters.JUnitReportReporter -->
<testsuite hostname="DESKTOP-JAE4NUO" failures="0" tests="1" name="validateStatusCode" time="1.651" errors="0" timestamp="2021-09-28T20:34:28 EDT" skipped="0">
  <testcase classname="validateStatusCode" name="responseCode" time="1.651"/>
  <system-out/>
</testsuite> <!-- validateStatusCode -->
